[2022-06-09T15:21:15.052] [INFO] logs_machine_undefined - l47eo1lnwt8n5xxyzvl {"server":"gate.smartproxy.com", "port":7000, "username":"user-sp54d7e3b9-country-fr", "password":"yfllka6nf4rc"}
[2022-06-09T15:28:05.884] [INFO] logs_machine_undefined - undefined beggin run
[2022-06-09T15:28:13.394] [INFO] logs_machine_undefined - undefined PAGE 1
[2022-06-09T15:28:13.431] [INFO] logs_machine_undefined - undefined Extracting data from page 1
[2022-06-09T15:28:15.449] [INFO] logs_machine_undefined - undefined showing data extracted 

[2022-06-09T15:28:16.463] [INFO] logs_machine_undefined - undefined data [
  {
    "name": "0906670 BC Ltd. O/A Rocky Point Engineering",
    "permitNumber": "P13332",
    "permitToPractice": "Engineering",
    "address": "208-20171 92A AVE",
    "phoneNumber": "1 604 888-7779",
    "licenseDate": "2016-01-04",
    "city": "Langley",
    "postalCode": "V1M 3A5",
    "province": "BC",
    "member": "Richard Corra"
  },
  {
    "name": "1001874 Alberta Ltd.",
    "permitNumber": "P12787",
    "permitToPractice": "Engineering",
    "address": "479 OZERNA RD NW",
    "phoneNumber": "1 780 916-1745",
    "licenseDate": "2014-07-24",
    "city": "Edmonton",
    "postalCode": "T5Z 3P8",
    "province": "AB",
    "member": "Gordon Vetro"
  },
  {
    "name": "1009060 Alberta Ltd O/A Geodetic Surveys & Engineering Ltd",
    "permitNumber": "P7998",
    "permitToPractice": "Engineering",
    "address": "9538 87 ST NW",
    "phoneNumber": "1 780 465-3389",
    "licenseDate": "2002-11-01",
    "city": "Edmonton",
    "postalCode": "T6C 3J1",
    "province": "AB",
    "member": "Andrew Banack"
  },
  {
    "name": "1019740 Alberta Limited",
    "permitNumber": "P14325",
    "permitToPractice": "Engineering",
    "address": "731 57 St SW",
    "phoneNumber": "1 403 978-0910",
    "licenseDate": "2018-04-18",
    "city": "Edmonton",
    "postalCode": "Whithout Postal Code",
    "province": "AB",
    "member": "Gurinder Heer"
  },
  {
    "name": "1025883 Alberta Ltd O/A ET Consulting",
    "permitNumber": "P8064",
    "permitToPractice": "Engineering",
    "address": "739 WILLAMETTE DR SE",
    "phoneNumber": "1 403 271-5312",
    "licenseDate": "2003-01-21",
    "city": "Calgary",
    "postalCode": "T2J 2A3",
    "province": "AB",
    "member": "Edward Tahmazian"
  },
  {
    "name": "1038473 Alberta Ltd",
    "permitNumber": "P11105",
    "permitToPractice": "Engineering",
    "address": "118 GLENEAGLES ESTATES LANE",
    "phoneNumber": "1 403 852-2994",
    "licenseDate": "2010-09-09",
    "city": "Cochrane",
    "postalCode": "T4C 2H7",
    "province": "AB",
    "member": "Mark Smigelski"
  },
  {
    "name": "1089079 Alberta Inc",
    "permitNumber": "P8430",
    "permitToPractice": "Engineering",
    "address": "80 HAWKHILL RD NW",
    "phoneNumber": "1 403 239-7193",
    "licenseDate": "2004-02-26",
    "city": "Calgary",
    "postalCode": "T3G 3H8",
    "province": "AB",
    "member": "Derek Warltier"
  },
  {
    "name": "1104175 Alberta Limited",
    "permitNumber": "P8871",
    "permitToPractice": "Engineering",
    "address": "PO Box 531",
    "phoneNumber": "1 780 448-2051",
    "licenseDate": "2005-08-01",
    "city": "Edmonton",
    "postalCode": "T5T 5L4",
    "province": "AB",
    "member": "Emad El-Zein"
  },
  {
    "name": "1104229 BC Ltd.",
    "permitNumber": "P15683",
    "permitToPractice": "Engineering",
    "address": "977 Wellington Dr",
    "phoneNumber": "1 604 339-6549",
    "licenseDate": "2022-04-07",
    "city": "North Vancouver",
    "postalCode": "V7K 1L1",
    "province": "BC",
    "member": "Soheil Soleimani-Vafa"
  },
  {
    "name": "1109883 Alberta Ltd.",
    "permitNumber": "P10519",
    "permitToPractice": "Engineering",
    "address": "101-18146 105 Ave NW",
    "phoneNumber": "1 780 484-1095",
    "licenseDate": "2009-02-25",
    "city": "Edmonton",
    "postalCode": "T5S 2T4",
    "province": "AB",
    "member": "Erik Jacobsen"
  },
  {
    "name": "1156182 Alberta Ltd",
    "permitNumber": "P10084",
    "permitToPractice": "Engineering",
    "address": "99 SUN HARBOUR CRES SE",
    "phoneNumber": "1 403 830-4942",
    "licenseDate": "2008-02-20",
    "city": "Calgary",
    "postalCode": "T2X 3B3",
    "province": "AB",
    "member": "Chris Valcourt"
  },
  {
    "name": "11811347 Canada Inc.",
    "permitNumber": "P15226",
    "permitToPractice": "Engineering",
    "address": "114-1215 13 St SE",
    "phoneNumber": "1 403 261-9985",
    "licenseDate": "2020-11-24",
    "city": "Calgary",
    "postalCode": "T2G 3J4",
    "province": "AB",
    "member": "Trevor Zaharichuk"
  }
]
[2022-06-09T15:28:16.470] [INFO] logs_machine_undefined - undefined data: 12
[2022-06-09T15:28:18.466] [INFO] logs_machine_undefined - undefined INSIDE SAVEDATA
[2022-06-09T15:28:18.539] [INFO] logs_machine_undefined - undefined Successfully connected to MongoDB
[2022-06-09T15:28:19.087] [INFO] logs_machine_undefined - undefined usuario ya existente MongoServerError: E11000 duplicate key error collection: Apega.apegadatos index: name_1 dup key: { name: "0906670 BC Ltd. O/A Rocky Point Engineering" }
[2022-06-09T15:28:19.580] [INFO] logs_machine_undefined - undefined usuario ya existente MongoServerError: E11000 duplicate key error collection: Apega.apegadatos index: name_1 dup key: { name: "1001874 Alberta Ltd." }
[2022-06-09T15:28:20.100] [INFO] logs_machine_undefined - undefined usuario ya existente MongoServerError: E11000 duplicate key error collection: Apega.apegadatos index: name_1 dup key: { name: "1009060 Alberta Ltd O/A Geodetic Surveys & Engineering Ltd" }
[2022-06-09T15:28:20.610] [INFO] logs_machine_undefined - undefined usuario ya existente MongoServerError: E11000 duplicate key error collection: Apega.apegadatos index: name_1 dup key: { name: "1019740 Alberta Limited" }
[2022-06-09T15:28:21.128] [INFO] logs_machine_undefined - undefined usuario ya existente MongoServerError: E11000 duplicate key error collection: Apega.apegadatos index: name_1 dup key: { name: "1025883 Alberta Ltd O/A ET Consulting" }
[2022-06-09T15:28:21.641] [INFO] logs_machine_undefined - undefined usuario ya existente MongoServerError: E11000 duplicate key error collection: Apega.apegadatos index: name_1 dup key: { name: "1038473 Alberta Ltd" }
[2022-06-09T15:28:22.150] [INFO] logs_machine_undefined - undefined usuario ya existente MongoServerError: E11000 duplicate key error collection: Apega.apegadatos index: name_1 dup key: { name: "1089079 Alberta Inc" }
[2022-06-09T15:28:24.766] [INFO] logs_machine_undefined - undefined usuario ya existente MongoServerError: E11000 duplicate key error collection: Apega.apegadatos index: name_1 dup key: { name: "1104175 Alberta Limited" }
[2022-06-09T15:28:24.775] [INFO] logs_machine_undefined - undefined usuario ya existente MongoServerError: E11000 duplicate key error collection: Apega.apegadatos index: name_1 dup key: { name: "1104229 BC Ltd." }
[2022-06-09T20:51:14.163] [INFO] logs_machine_undefined - undefined beggin run
[2022-06-09T20:51:36.221] [INFO] logs_machine_undefined - undefined beggin run
[2022-06-09T20:51:43.040] [INFO] logs_machine_undefined - undefined PAGE 1
[2022-06-09T20:51:43.060] [INFO] logs_machine_undefined - undefined Extracting data from page 1
[2022-06-09T20:51:45.080] [INFO] logs_machine_undefined - undefined showing data extracted 

[2022-06-09T21:00:18.980] [INFO] logs_machine_undefined - undefined data [
  {
    "name": "0906670 BC Ltd. O/A Rocky Point Engineering",
    "permitNumber": "P13332",
    "permitToPractice": "Engineering",
    "address": "208-20171 92A AVE",
    "phoneNumber": "1 604 888-7779",
    "licenseDate": "2016-01-04",
    "city": "Langley",
    "postalCode": "V1M 3A5",
    "province": "BC",
    "member": "Richard Corra"
  },
  {
    "name": "1001874 Alberta Ltd.",
    "permitNumber": "P12787",
    "permitToPractice": "Engineering",
    "address": "479 OZERNA RD NW",
    "phoneNumber": "1 780 916-1745",
    "licenseDate": "2014-07-24",
    "city": "Edmonton",
    "postalCode": "T5Z 3P8",
    "province": "AB",
    "member": "Gordon Vetro"
  },
  {
    "name": "1009060 Alberta Ltd O/A Geodetic Surveys & Engineering Ltd",
    "permitNumber": "P7998",
    "permitToPractice": "Engineering",
    "address": "9538 87 ST NW",
    "phoneNumber": "1 780 465-3389",
    "licenseDate": "2002-11-01",
    "city": "Edmonton",
    "postalCode": "T6C 3J1",
    "province": "AB",
    "member": "Andrew Banack"
  },
  {
    "name": "1019740 Alberta Limited",
    "permitNumber": "P14325",
    "permitToPractice": "Engineering",
    "address": "731 57 St SW",
    "phoneNumber": "1 403 978-0910",
    "licenseDate": "2018-04-18",
    "city": "Edmonton",
    "postalCode": "Whithout Postal Code",
    "province": "AB",
    "member": "Gurinder Heer"
  },
  {
    "name": "1025883 Alberta Ltd O/A ET Consulting",
    "permitNumber": "P8064",
    "permitToPractice": "Engineering",
    "address": "739 WILLAMETTE DR SE",
    "phoneNumber": "1 403 271-5312",
    "licenseDate": "2003-01-21",
    "city": "Calgary",
    "postalCode": "T2J 2A3",
    "province": "AB",
    "member": "Edward Tahmazian"
  },
  {
    "name": "1038473 Alberta Ltd",
    "permitNumber": "P11105",
    "permitToPractice": "Engineering",
    "address": "118 GLENEAGLES ESTATES LANE",
    "phoneNumber": "1 403 852-2994",
    "licenseDate": "2010-09-09",
    "city": "Cochrane",
    "postalCode": "T4C 2H7",
    "province": "AB",
    "member": "Mark Smigelski"
  },
  {
    "name": "1089079 Alberta Inc",
    "permitNumber": "P8430",
    "permitToPractice": "Engineering",
    "address": "80 HAWKHILL RD NW",
    "phoneNumber": "1 403 239-7193",
    "licenseDate": "2004-02-26",
    "city": "Calgary",
    "postalCode": "T3G 3H8",
    "province": "AB",
    "member": "Derek Warltier"
  },
  {
    "name": "1104175 Alberta Limited",
    "permitNumber": "P8871",
    "permitToPractice": "Engineering",
    "address": "PO Box 531",
    "phoneNumber": "1 780 448-2051",
    "licenseDate": "2005-08-01",
    "city": "Edmonton",
    "postalCode": "T5T 5L4",
    "province": "AB",
    "member": "Emad El-Zein"
  },
  {
    "name": "1104229 BC Ltd.",
    "permitNumber": "P15683",
    "permitToPractice": "Engineering",
    "address": "977 Wellington Dr",
    "phoneNumber": "1 604 339-6549",
    "licenseDate": "2022-04-07",
    "city": "North Vancouver",
    "postalCode": "V7K 1L1",
    "province": "BC",
    "member": "Soheil Soleimani-Vafa"
  },
  {
    "name": "1109883 Alberta Ltd.",
    "permitNumber": "P10519",
    "permitToPractice": "Engineering",
    "address": "101-18146 105 Ave NW",
    "phoneNumber": "1 780 484-1095",
    "licenseDate": "2009-02-25",
    "city": "Edmonton",
    "postalCode": "T5S 2T4",
    "province": "AB",
    "member": "Erik Jacobsen"
  },
  {
    "name": "1156182 Alberta Ltd",
    "permitNumber": "P10084",
    "permitToPractice": "Engineering",
    "address": "99 SUN HARBOUR CRES SE",
    "phoneNumber": "1 403 830-4942",
    "licenseDate": "2008-02-20",
    "city": "Calgary",
    "postalCode": "T2X 3B3",
    "province": "AB",
    "member": "Chris Valcourt"
  },
  {
    "name": "11811347 Canada Inc.",
    "permitNumber": "P15226",
    "permitToPractice": "Engineering",
    "address": "114-1215 13 St SE",
    "phoneNumber": "1 403 261-9985",
    "licenseDate": "2020-11-24",
    "city": "Calgary",
    "postalCode": "T2G 3J4",
    "province": "AB",
    "member": "Trevor Zaharichuk"
  }
]
[2022-06-09T21:00:19.013] [INFO] logs_machine_undefined - undefined data: 12
[2022-06-09T21:00:24.511] [INFO] logs_machine_undefined - undefined beggin run
[2022-06-09T21:00:30.631] [INFO] logs_machine_undefined - undefined PAGE 1
[2022-06-09T21:00:30.648] [INFO] logs_machine_undefined - undefined Extracting data from page 1
[2022-06-09T21:00:32.662] [INFO] logs_machine_undefined - undefined showing data extracted 

[2022-06-09T21:00:33.674] [INFO] logs_machine_undefined - undefined data [
  {
    "name": "0906670 BC Ltd. O/A Rocky Point Engineering",
    "permitNumber": "P13332",
    "permitToPractice": "Engineering",
    "address": "208-20171 92A AVE",
    "phoneNumber": "1 604 888-7779",
    "licenseDate": "2016-01-04",
    "city": "Langley",
    "postalCode": "V1M 3A5",
    "province": "BC",
    "member": "Richard Corra"
  },
  {
    "name": "1001874 Alberta Ltd.",
    "permitNumber": "P12787",
    "permitToPractice": "Engineering",
    "address": "479 OZERNA RD NW",
    "phoneNumber": "1 780 916-1745",
    "licenseDate": "2014-07-24",
    "city": "Edmonton",
    "postalCode": "T5Z 3P8",
    "province": "AB",
    "member": "Gordon Vetro"
  },
  {
    "name": "1009060 Alberta Ltd O/A Geodetic Surveys & Engineering Ltd",
    "permitNumber": "P7998",
    "permitToPractice": "Engineering",
    "address": "9538 87 ST NW",
    "phoneNumber": "1 780 465-3389",
    "licenseDate": "2002-11-01",
    "city": "Edmonton",
    "postalCode": "T6C 3J1",
    "province": "AB",
    "member": "Andrew Banack"
  },
  {
    "name": "1019740 Alberta Limited",
    "permitNumber": "P14325",
    "permitToPractice": "Engineering",
    "address": "731 57 St SW",
    "phoneNumber": "1 403 978-0910",
    "licenseDate": "2018-04-18",
    "city": "Edmonton",
    "postalCode": "Whithout Postal Code",
    "province": "AB",
    "member": "Gurinder Heer"
  },
  {
    "name": "1025883 Alberta Ltd O/A ET Consulting",
    "permitNumber": "P8064",
    "permitToPractice": "Engineering",
    "address": "739 WILLAMETTE DR SE",
    "phoneNumber": "1 403 271-5312",
    "licenseDate": "2003-01-21",
    "city": "Calgary",
    "postalCode": "T2J 2A3",
    "province": "AB",
    "member": "Edward Tahmazian"
  },
  {
    "name": "1038473 Alberta Ltd",
    "permitNumber": "P11105",
    "permitToPractice": "Engineering",
    "address": "118 GLENEAGLES ESTATES LANE",
    "phoneNumber": "1 403 852-2994",
    "licenseDate": "2010-09-09",
    "city": "Cochrane",
    "postalCode": "T4C 2H7",
    "province": "AB",
    "member": "Mark Smigelski"
  },
  {
    "name": "1089079 Alberta Inc",
    "permitNumber": "P8430",
    "permitToPractice": "Engineering",
    "address": "80 HAWKHILL RD NW",
    "phoneNumber": "1 403 239-7193",
    "licenseDate": "2004-02-26",
    "city": "Calgary",
    "postalCode": "T3G 3H8",
    "province": "AB",
    "member": "Derek Warltier"
  },
  {
    "name": "1104175 Alberta Limited",
    "permitNumber": "P8871",
    "permitToPractice": "Engineering",
    "address": "PO Box 531",
    "phoneNumber": "1 780 448-2051",
    "licenseDate": "2005-08-01",
    "city": "Edmonton",
    "postalCode": "T5T 5L4",
    "province": "AB",
    "member": "Emad El-Zein"
  },
  {
    "name": "1104229 BC Ltd.",
    "permitNumber": "P15683",
    "permitToPractice": "Engineering",
    "address": "977 Wellington Dr",
    "phoneNumber": "1 604 339-6549",
    "licenseDate": "2022-04-07",
    "city": "North Vancouver",
    "postalCode": "V7K 1L1",
    "province": "BC",
    "member": "Soheil Soleimani-Vafa"
  },
  {
    "name": "1109883 Alberta Ltd.",
    "permitNumber": "P10519",
    "permitToPractice": "Engineering",
    "address": "101-18146 105 Ave NW",
    "phoneNumber": "1 780 484-1095",
    "licenseDate": "2009-02-25",
    "city": "Edmonton",
    "postalCode": "T5S 2T4",
    "province": "AB",
    "member": "Erik Jacobsen"
  },
  {
    "name": "1156182 Alberta Ltd",
    "permitNumber": "P10084",
    "permitToPractice": "Engineering",
    "address": "99 SUN HARBOUR CRES SE",
    "phoneNumber": "1 403 830-4942",
    "licenseDate": "2008-02-20",
    "city": "Calgary",
    "postalCode": "T2X 3B3",
    "province": "AB",
    "member": "Chris Valcourt"
  },
  {
    "name": "11811347 Canada Inc.",
    "permitNumber": "P15226",
    "permitToPractice": "Engineering",
    "address": "114-1215 13 St SE",
    "phoneNumber": "1 403 261-9985",
    "licenseDate": "2020-11-24",
    "city": "Calgary",
    "postalCode": "T2G 3J4",
    "province": "AB",
    "member": "Trevor Zaharichuk"
  }
]
[2022-06-09T21:00:33.683] [INFO] logs_machine_undefined - undefined data: 12
[2022-06-09T21:00:35.844] [INFO] logs_machine_undefined - undefined INSIDE SAVEDATA
[2022-06-09T21:00:35.919] [INFO] logs_machine_undefined - undefined Successfully connected to MongoDB
[2022-06-09T21:00:36.474] [INFO] logs_machine_undefined - undefined usuario ya existente MongoServerError: E11000 duplicate key error collection: Apega.apegadatos index: name_1 dup key: { name: "0906670 BC Ltd. O/A Rocky Point Engineering" }
[2022-06-09T21:00:36.959] [INFO] logs_machine_undefined - undefined usuario ya existente MongoServerError: E11000 duplicate key error collection: Apega.apegadatos index: name_1 dup key: { name: "1001874 Alberta Ltd." }
[2022-06-09T21:00:37.463] [INFO] logs_machine_undefined - undefined usuario ya existente MongoServerError: E11000 duplicate key error collection: Apega.apegadatos index: name_1 dup key: { name: "1009060 Alberta Ltd O/A Geodetic Surveys & Engineering Ltd" }
[2022-06-09T21:00:37.974] [INFO] logs_machine_undefined - undefined usuario ya existente MongoServerError: E11000 duplicate key error collection: Apega.apegadatos index: name_1 dup key: { name: "1019740 Alberta Limited" }
[2022-06-09T21:00:38.489] [INFO] logs_machine_undefined - undefined usuario ya existente MongoServerError: E11000 duplicate key error collection: Apega.apegadatos index: name_1 dup key: { name: "1025883 Alberta Ltd O/A ET Consulting" }
[2022-06-09T21:17:50.829] [INFO] logs_machine_undefined - undefined usuario ya existente MongoServerError: E11000 duplicate key error collection: Apega.apegadatos index: name_1 dup key: { name: "1038473 Alberta Ltd" }
[2022-06-09T21:17:57.458] [INFO] logs_machine_undefined - undefined beggin run
[2022-06-09T21:18:05.248] [INFO] logs_machine_undefined - undefined PAGE 1
[2022-06-09T21:18:05.269] [INFO] logs_machine_undefined - undefined Extracting data from page 1
[2022-06-09T21:18:07.288] [INFO] logs_machine_undefined - undefined showing data extracted 

[2022-06-09T21:22:02.864] [INFO] logs_machine_undefined - undefined data [
  {
    "name": "0906670 BC Ltd. O/A Rocky Point Engineering",
    "permitNumber": "P13332",
    "permitToPractice": "Engineering",
    "address": "208-20171 92A AVE",
    "phoneNumber": "1 604 888-7779",
    "licenseDate": "2016-01-04",
    "city": "Langley",
    "postalCode": "V1M 3A5",
    "province": "BC",
    "member": "Richard Corra"
  },
  {
    "name": "1001874 Alberta Ltd.",
    "permitNumber": "P12787",
    "permitToPractice": "Engineering",
    "address": "479 OZERNA RD NW",
    "phoneNumber": "1 780 916-1745",
    "licenseDate": "2014-07-24",
    "city": "Edmonton",
    "postalCode": "T5Z 3P8",
    "province": "AB",
    "member": "Gordon Vetro"
  },
  {
    "name": "1009060 Alberta Ltd O/A Geodetic Surveys & Engineering Ltd",
    "permitNumber": "P7998",
    "permitToPractice": "Engineering",
    "address": "9538 87 ST NW",
    "phoneNumber": "1 780 465-3389",
    "licenseDate": "2002-11-01",
    "city": "Edmonton",
    "postalCode": "T6C 3J1",
    "province": "AB",
    "member": "Andrew Banack"
  },
  {
    "name": "1019740 Alberta Limited",
    "permitNumber": "P14325",
    "permitToPractice": "Engineering",
    "address": "731 57 St SW",
    "phoneNumber": "1 403 978-0910",
    "licenseDate": "2018-04-18",
    "city": "Edmonton",
    "postalCode": "Whithout Postal Code",
    "province": "AB",
    "member": "Gurinder Heer"
  },
  {
    "name": "1025883 Alberta Ltd O/A ET Consulting",
    "permitNumber": "P8064",
    "permitToPractice": "Engineering",
    "address": "739 WILLAMETTE DR SE",
    "phoneNumber": "1 403 271-5312",
    "licenseDate": "2003-01-21",
    "city": "Calgary",
    "postalCode": "T2J 2A3",
    "province": "AB",
    "member": "Edward Tahmazian"
  },
  {
    "name": "1038473 Alberta Ltd",
    "permitNumber": "P11105",
    "permitToPractice": "Engineering",
    "address": "118 GLENEAGLES ESTATES LANE",
    "phoneNumber": "1 403 852-2994",
    "licenseDate": "2010-09-09",
    "city": "Cochrane",
    "postalCode": "T4C 2H7",
    "province": "AB",
    "member": "Mark Smigelski"
  },
  {
    "name": "1089079 Alberta Inc",
    "permitNumber": "P8430",
    "permitToPractice": "Engineering",
    "address": "80 HAWKHILL RD NW",
    "phoneNumber": "1 403 239-7193",
    "licenseDate": "2004-02-26",
    "city": "Calgary",
    "postalCode": "T3G 3H8",
    "province": "AB",
    "member": "Derek Warltier"
  },
  {
    "name": "1104175 Alberta Limited",
    "permitNumber": "P8871",
    "permitToPractice": "Engineering",
    "address": "PO Box 531",
    "phoneNumber": "1 780 448-2051",
    "licenseDate": "2005-08-01",
    "city": "Edmonton",
    "postalCode": "T5T 5L4",
    "province": "AB",
    "member": "Emad El-Zein"
  },
  {
    "name": "1104229 BC Ltd.",
    "permitNumber": "P15683",
    "permitToPractice": "Engineering",
    "address": "977 Wellington Dr",
    "phoneNumber": "1 604 339-6549",
    "licenseDate": "2022-04-07",
    "city": "North Vancouver",
    "postalCode": "V7K 1L1",
    "province": "BC",
    "member": "Soheil Soleimani-Vafa"
  },
  {
    "name": "1109883 Alberta Ltd.",
    "permitNumber": "P10519",
    "permitToPractice": "Engineering",
    "address": "101-18146 105 Ave NW",
    "phoneNumber": "1 780 484-1095",
    "licenseDate": "2009-02-25",
    "city": "Edmonton",
    "postalCode": "T5S 2T4",
    "province": "AB",
    "member": "Erik Jacobsen"
  },
  {
    "name": "1156182 Alberta Ltd",
    "permitNumber": "P10084",
    "permitToPractice": "Engineering",
    "address": "99 SUN HARBOUR CRES SE",
    "phoneNumber": "1 403 830-4942",
    "licenseDate": "2008-02-20",
    "city": "Calgary",
    "postalCode": "T2X 3B3",
    "province": "AB",
    "member": "Chris Valcourt"
  },
  {
    "name": "11811347 Canada Inc.",
    "permitNumber": "P15226",
    "permitToPractice": "Engineering",
    "address": "114-1215 13 St SE",
    "phoneNumber": "1 403 261-9985",
    "licenseDate": "2020-11-24",
    "city": "Calgary",
    "postalCode": "T2G 3J4",
    "province": "AB",
    "member": "Trevor Zaharichuk"
  }
]
[2022-06-09T21:22:02.872] [INFO] logs_machine_undefined - undefined data: 12
[2022-06-09T21:22:09.342] [INFO] logs_machine_undefined - undefined beggin run
[2022-06-09T21:22:15.233] [INFO] logs_machine_undefined - undefined PAGE 1
[2022-06-09T21:22:15.259] [INFO] logs_machine_undefined - undefined Extracting data from page 1
[2022-06-09T21:22:17.275] [INFO] logs_machine_undefined - undefined showing data extracted 

[2022-06-09T21:22:18.294] [INFO] logs_machine_undefined - undefined data [
  {
    "name": "0906670 BC Ltd. O/A Rocky Point Engineering",
    "permitNumber": "P13332",
    "permitToPractice": "Engineering",
    "address": "208-20171 92A AVE",
    "phoneNumber": "1 604 888-7779",
    "licenseDate": "2016-01-04",
    "city": "Langley",
    "postalCode": "V1M 3A5",
    "province": "BC",
    "member": "Richard Corra"
  },
  {
    "name": "1001874 Alberta Ltd.",
    "permitNumber": "P12787",
    "permitToPractice": "Engineering",
    "address": "479 OZERNA RD NW",
    "phoneNumber": "1 780 916-1745",
    "licenseDate": "2014-07-24",
    "city": "Edmonton",
    "postalCode": "T5Z 3P8",
    "province": "AB",
    "member": "Gordon Vetro"
  },
  {
    "name": "1009060 Alberta Ltd O/A Geodetic Surveys & Engineering Ltd",
    "permitNumber": "P7998",
    "permitToPractice": "Engineering",
    "address": "9538 87 ST NW",
    "phoneNumber": "1 780 465-3389",
    "licenseDate": "2002-11-01",
    "city": "Edmonton",
    "postalCode": "T6C 3J1",
    "province": "AB",
    "member": "Andrew Banack"
  },
  {
    "name": "1019740 Alberta Limited",
    "permitNumber": "P14325",
    "permitToPractice": "Engineering",
    "address": "731 57 St SW",
    "phoneNumber": "1 403 978-0910",
    "licenseDate": "2018-04-18",
    "city": "Edmonton",
    "postalCode": "Whithout Postal Code",
    "province": "AB",
    "member": "Gurinder Heer"
  },
  {
    "name": "1025883 Alberta Ltd O/A ET Consulting",
    "permitNumber": "P8064",
    "permitToPractice": "Engineering",
    "address": "739 WILLAMETTE DR SE",
    "phoneNumber": "1 403 271-5312",
    "licenseDate": "2003-01-21",
    "city": "Calgary",
    "postalCode": "T2J 2A3",
    "province": "AB",
    "member": "Edward Tahmazian"
  },
  {
    "name": "1038473 Alberta Ltd",
    "permitNumber": "P11105",
    "permitToPractice": "Engineering",
    "address": "118 GLENEAGLES ESTATES LANE",
    "phoneNumber": "1 403 852-2994",
    "licenseDate": "2010-09-09",
    "city": "Cochrane",
    "postalCode": "T4C 2H7",
    "province": "AB",
    "member": "Mark Smigelski"
  },
  {
    "name": "1089079 Alberta Inc",
    "permitNumber": "P8430",
    "permitToPractice": "Engineering",
    "address": "80 HAWKHILL RD NW",
    "phoneNumber": "1 403 239-7193",
    "licenseDate": "2004-02-26",
    "city": "Calgary",
    "postalCode": "T3G 3H8",
    "province": "AB",
    "member": "Derek Warltier"
  },
  {
    "name": "1104175 Alberta Limited",
    "permitNumber": "P8871",
    "permitToPractice": "Engineering",
    "address": "PO Box 531",
    "phoneNumber": "1 780 448-2051",
    "licenseDate": "2005-08-01",
    "city": "Edmonton",
    "postalCode": "T5T 5L4",
    "province": "AB",
    "member": "Emad El-Zein"
  },
  {
    "name": "1104229 BC Ltd.",
    "permitNumber": "P15683",
    "permitToPractice": "Engineering",
    "address": "977 Wellington Dr",
    "phoneNumber": "1 604 339-6549",
    "licenseDate": "2022-04-07",
    "city": "North Vancouver",
    "postalCode": "V7K 1L1",
    "province": "BC",
    "member": "Soheil Soleimani-Vafa"
  },
  {
    "name": "1109883 Alberta Ltd.",
    "permitNumber": "P10519",
    "permitToPractice": "Engineering",
    "address": "101-18146 105 Ave NW",
    "phoneNumber": "1 780 484-1095",
    "licenseDate": "2009-02-25",
    "city": "Edmonton",
    "postalCode": "T5S 2T4",
    "province": "AB",
    "member": "Erik Jacobsen"
  },
  {
    "name": "1156182 Alberta Ltd",
    "permitNumber": "P10084",
    "permitToPractice": "Engineering",
    "address": "99 SUN HARBOUR CRES SE",
    "phoneNumber": "1 403 830-4942",
    "licenseDate": "2008-02-20",
    "city": "Calgary",
    "postalCode": "T2X 3B3",
    "province": "AB",
    "member": "Chris Valcourt"
  },
  {
    "name": "11811347 Canada Inc.",
    "permitNumber": "P15226",
    "permitToPractice": "Engineering",
    "address": "114-1215 13 St SE",
    "phoneNumber": "1 403 261-9985",
    "licenseDate": "2020-11-24",
    "city": "Calgary",
    "postalCode": "T2G 3J4",
    "province": "AB",
    "member": "Trevor Zaharichuk"
  }
]
[2022-06-09T21:22:18.303] [INFO] logs_machine_undefined - undefined data: 12
[2022-06-09T21:23:26.569] [INFO] logs_machine_undefined - undefined INSIDE SAVEDATA
[2022-06-09T21:23:26.639] [INFO] logs_machine_undefined - undefined Successfully connected to MongoDB
[2022-06-09T21:23:50.952] [INFO] logs_machine_undefined - undefined beggin run
[2022-06-09T21:23:56.656] [INFO] logs_machine_undefined - undefined PAGE 1
[2022-06-09T21:23:56.676] [INFO] logs_machine_undefined - undefined Extracting data from page 1
[2022-06-09T21:23:58.699] [INFO] logs_machine_undefined - undefined showing data extracted 

[2022-06-09T21:23:59.717] [INFO] logs_machine_undefined - undefined data [
  {
    "name": "0906670 BC Ltd. O/A Rocky Point Engineering",
    "permitNumber": "P13332",
    "permitToPractice": "Engineering",
    "address": "208-20171 92A AVE",
    "phoneNumber": "1 604 888-7779",
    "licenseDate": "2016-01-04",
    "city": "Langley",
    "postalCode": "V1M 3A5",
    "province": "BC",
    "member": "Richard Corra"
  },
  {
    "name": "1001874 Alberta Ltd.",
    "permitNumber": "P12787",
    "permitToPractice": "Engineering",
    "address": "479 OZERNA RD NW",
    "phoneNumber": "1 780 916-1745",
    "licenseDate": "2014-07-24",
    "city": "Edmonton",
    "postalCode": "T5Z 3P8",
    "province": "AB",
    "member": "Gordon Vetro"
  },
  {
    "name": "1009060 Alberta Ltd O/A Geodetic Surveys & Engineering Ltd",
    "permitNumber": "P7998",
    "permitToPractice": "Engineering",
    "address": "9538 87 ST NW",
    "phoneNumber": "1 780 465-3389",
    "licenseDate": "2002-11-01",
    "city": "Edmonton",
    "postalCode": "T6C 3J1",
    "province": "AB",
    "member": "Andrew Banack"
  },
  {
    "name": "1019740 Alberta Limited",
    "permitNumber": "P14325",
    "permitToPractice": "Engineering",
    "address": "731 57 St SW",
    "phoneNumber": "1 403 978-0910",
    "licenseDate": "2018-04-18",
    "city": "Edmonton",
    "postalCode": "Whithout Postal Code",
    "province": "AB",
    "member": "Gurinder Heer"
  },
  {
    "name": "1025883 Alberta Ltd O/A ET Consulting",
    "permitNumber": "P8064",
    "permitToPractice": "Engineering",
    "address": "739 WILLAMETTE DR SE",
    "phoneNumber": "1 403 271-5312",
    "licenseDate": "2003-01-21",
    "city": "Calgary",
    "postalCode": "T2J 2A3",
    "province": "AB",
    "member": "Edward Tahmazian"
  },
  {
    "name": "1038473 Alberta Ltd",
    "permitNumber": "P11105",
    "permitToPractice": "Engineering",
    "address": "118 GLENEAGLES ESTATES LANE",
    "phoneNumber": "1 403 852-2994",
    "licenseDate": "2010-09-09",
    "city": "Cochrane",
    "postalCode": "T4C 2H7",
    "province": "AB",
    "member": "Mark Smigelski"
  },
  {
    "name": "1089079 Alberta Inc",
    "permitNumber": "P8430",
    "permitToPractice": "Engineering",
    "address": "80 HAWKHILL RD NW",
    "phoneNumber": "1 403 239-7193",
    "licenseDate": "2004-02-26",
    "city": "Calgary",
    "postalCode": "T3G 3H8",
    "province": "AB",
    "member": "Derek Warltier"
  },
  {
    "name": "1104175 Alberta Limited",
    "permitNumber": "P8871",
    "permitToPractice": "Engineering",
    "address": "PO Box 531",
    "phoneNumber": "1 780 448-2051",
    "licenseDate": "2005-08-01",
    "city": "Edmonton",
    "postalCode": "T5T 5L4",
    "province": "AB",
    "member": "Emad El-Zein"
  },
  {
    "name": "1104229 BC Ltd.",
    "permitNumber": "P15683",
    "permitToPractice": "Engineering",
    "address": "977 Wellington Dr",
    "phoneNumber": "1 604 339-6549",
    "licenseDate": "2022-04-07",
    "city": "North Vancouver",
    "postalCode": "V7K 1L1",
    "province": "BC",
    "member": "Soheil Soleimani-Vafa"
  },
  {
    "name": "1109883 Alberta Ltd.",
    "permitNumber": "P10519",
    "permitToPractice": "Engineering",
    "address": "101-18146 105 Ave NW",
    "phoneNumber": "1 780 484-1095",
    "licenseDate": "2009-02-25",
    "city": "Edmonton",
    "postalCode": "T5S 2T4",
    "province": "AB",
    "member": "Erik Jacobsen"
  },
  {
    "name": "1156182 Alberta Ltd",
    "permitNumber": "P10084",
    "permitToPractice": "Engineering",
    "address": "99 SUN HARBOUR CRES SE",
    "phoneNumber": "1 403 830-4942",
    "licenseDate": "2008-02-20",
    "city": "Calgary",
    "postalCode": "T2X 3B3",
    "province": "AB",
    "member": "Chris Valcourt"
  },
  {
    "name": "11811347 Canada Inc.",
    "permitNumber": "P15226",
    "permitToPractice": "Engineering",
    "address": "114-1215 13 St SE",
    "phoneNumber": "1 403 261-9985",
    "licenseDate": "2020-11-24",
    "city": "Calgary",
    "postalCode": "T2G 3J4",
    "province": "AB",
    "member": "Trevor Zaharichuk"
  }
]
[2022-06-09T21:23:59.727] [INFO] logs_machine_undefined - undefined data: 12
[2022-06-09T21:30:06.437] [INFO] logs_machine_undefined - undefined INSIDE SAVEDATA
[2022-06-09T21:30:11.249] [INFO] logs_machine_undefined - undefined beggin run
[2022-06-09T21:30:13.767] [INFO] logs_machine_undefined - undefined NO HANDLE:https://www.apega.ca/members/permit-holder-directory?page=1
[2022-06-09T21:30:17.099] [INFO] logs_machine_undefined - undefined NO HANDLE:https://www.apega.ca/Frontend-Assembly/Telerik.Sitefinity.Frontend/assets/dist/js/jquery.min.js?package=Talon&v=MTU1MzUzMDE5OQ%3d%3d
[2022-06-09T21:30:17.115] [INFO] logs_machine_undefined - undefined NO HANDLE:https://www.apega.ca/ResourcePackages/Talon/assets/dist/css/main.min.css?package=Talon
[2022-06-09T21:30:17.440] [INFO] logs_machine_undefined - undefined NO HANDLE:https://polyfill.io/v3/polyfill.min.js?features=Array.prototype.find%2Cfetch
[2022-06-09T21:30:17.449] [INFO] logs_machine_undefined - undefined NO HANDLE:https://www.apega.ca/Frontend-Assembly/Telerik.Sitefinity.Frontend/assets/dist/js/all.min.js?package=Talon&v=MTU1MzUzMDE5OQ%3d%3d
[2022-06-09T21:30:17.453] [INFO] logs_machine_undefined - undefined NO HANDLE:https://www.apega.ca/Frontend-Assembly/Telerik.Sitefinity.Frontend.Search/Mvc/Scripts/SearchBox/Search-box.js?package=Talon&v=MTIuMC43MDM3LjA%3d
[2022-06-09T21:30:17.457] [INFO] logs_machine_undefined - undefined NO HANDLE:https://www.apega.ca/ResourcePackages/Talon/assets/dist/js/serviceview-base.min.js
[2022-06-09T21:30:17.460] [INFO] logs_machine_undefined - undefined NO HANDLE:https://www.apega.ca/ResourcePackages/Talon/assets/dist/js/permitholders-serviceview.min.js
[2022-06-09T21:30:17.464] [INFO] logs_machine_undefined - undefined NO HANDLE:https://static.cloudflareinsights.com/beacon.min.js/v652eace1692a40cfa3763df669d7439c1639079717194
[2022-06-09T21:30:17.477] [INFO] logs_machine_undefined - undefined NO HANDLE:https://www.googletagmanager.com/gtm.js?id=GTM-WKMT44G
[2022-06-09T21:30:17.569] [INFO] logs_machine_undefined - undefined NO HANDLE:https://www.apega.ca/ResourcePackages/Talon/assets/dist/images/symbol-defs.svg
[2022-06-09T21:30:17.911] [INFO] logs_machine_undefined - undefined NO HANDLE:https://ods.apega.ca/odata/v1/Register/Taxonomies?$orderby=Title
[2022-06-09T21:30:18.217] [INFO] logs_machine_undefined - undefined NO HANDLE:https://www.googletagmanager.com/gtag/js?id=G-3SW3B8RMR8&l=dataLayer&cx=c
[2022-06-09T21:30:18.224] [INFO] logs_machine_undefined - undefined NO HANDLE:https://www.google-analytics.com/analytics.js
[2022-06-09T21:30:18.227] [INFO] logs_machine_undefined - undefined NO HANDLE:https://www.youtube.com/iframe_api
[2022-06-09T21:30:18.229] [INFO] logs_machine_undefined - undefined NO HANDLE:https://connect.facebook.net/en_US/fbevents.js
[2022-06-09T21:30:18.232] [INFO] logs_machine_undefined - undefined NO HANDLE:https://static.ads-twitter.com/uwt.js
[2022-06-09T21:30:18.235] [INFO] logs_machine_undefined - undefined NO HANDLE:https://tags.srv.stackadapt.com/events.js
[2022-06-09T21:30:18.624] [INFO] logs_machine_undefined - undefined NO HANDLE:https://www.google-analytics.com/g/collect?v=2&tid=G-3SW3B8RMR8&gtm=2oe680&_p=686124294&_z=ccd.tdB&cid=1429009355.1654824619&ul=en-us&sr=1280x720&_s=1&sid=1654824618&sct=1&seg=0&dl=https%3A%2F%2Fwww.apega.ca%2Fmembers%2Fpermit-holder-directory%3Fpage%3D1&dt=Permit%20Holder%20Directory%20%7C%20APEGA&en=page_view&_fv=1&_nsi=1&_ss=1
[2022-06-09T21:30:18.728] [INFO] logs_machine_undefined - undefined NO HANDLE:https://connect.facebook.net/signals/config/980776025421829?v=2.9.62&r=stable
[2022-06-09T21:30:18.788] [INFO] logs_machine_undefined - undefined NO HANDLE:https://www.google-analytics.com/plugins/ua/linkid.js
[2022-06-09T21:30:18.821] [INFO] logs_machine_undefined - undefined NO HANDLE:https://www.youtube.com/s/player/23010b46/www-widgetapi.vflset/www-widgetapi.js
[2022-06-09T21:30:19.006] [INFO] logs_machine_undefined - undefined NO HANDLE:https://stats.g.doubleclick.net/j/collect?t=dc&aip=1&_r=3&v=1&_v=j96&tid=UA-72779499-11&cid=1429009355.1654824619&jid=315049323&gjid=287477382&_gid=1300207778.1654824619&_u=aCDAiEAjBAAAAE~&z=746698078
[2022-06-09T21:30:19.023] [INFO] logs_machine_undefined - undefined NO HANDLE:https://ods.apega.ca/odata/v1/Register/PermitHolders?$count=true&$top=12&$expand=ResponsibleMembers&$orderby=LegalName
[2022-06-09T21:30:19.284] [INFO] logs_machine_undefined - undefined NO HANDLE:https://tags.srv.stackadapt.com/sa.css
[2022-06-09T21:30:19.287] [INFO] logs_machine_undefined - undefined NO HANDLE:https://tags.srv.stackadapt.com/sa.jpeg
[2022-06-09T21:30:19.765] [INFO] logs_machine_undefined - undefined NO HANDLE:https://www.apega.ca/cdn-cgi/rum?
[2022-06-09T21:30:19.782] [INFO] logs_machine_undefined - undefined NO HANDLE:https://www.apega.ca/favicon.ico
[2022-06-09T21:30:20.743] [INFO] logs_machine_undefined - undefined PAGE 1
[2022-06-09T21:30:20.773] [INFO] logs_machine_undefined - undefined Extracting data from page 1
[2022-06-09T21:30:22.797] [INFO] logs_machine_undefined - undefined showing data extracted 

[2022-06-09T21:35:46.851] [INFO] logs_machine_undefined - undefined data [
  {
    "name": "0906670 BC Ltd. O/A Rocky Point Engineering",
    "permitNumber": "P13332",
    "permitToPractice": "Engineering",
    "address": "208-20171 92A AVE",
    "phoneNumber": "1 604 888-7779",
    "licenseDate": "2016-01-04",
    "city": "Langley",
    "postalCode": "V1M 3A5",
    "province": "BC",
    "member": "Richard Corra"
  },
  {
    "name": "1001874 Alberta Ltd.",
    "permitNumber": "P12787",
    "permitToPractice": "Engineering",
    "address": "479 OZERNA RD NW",
    "phoneNumber": "1 780 916-1745",
    "licenseDate": "2014-07-24",
    "city": "Edmonton",
    "postalCode": "T5Z 3P8",
    "province": "AB",
    "member": "Gordon Vetro"
  },
  {
    "name": "1009060 Alberta Ltd O/A Geodetic Surveys & Engineering Ltd",
    "permitNumber": "P7998",
    "permitToPractice": "Engineering",
    "address": "9538 87 ST NW",
    "phoneNumber": "1 780 465-3389",
    "licenseDate": "2002-11-01",
    "city": "Edmonton",
    "postalCode": "T6C 3J1",
    "province": "AB",
    "member": "Andrew Banack"
  },
  {
    "name": "1019740 Alberta Limited",
    "permitNumber": "P14325",
    "permitToPractice": "Engineering",
    "address": "731 57 St SW",
    "phoneNumber": "1 403 978-0910",
    "licenseDate": "2018-04-18",
    "city": "Edmonton",
    "postalCode": "Whithout Postal Code",
    "province": "AB",
    "member": "Gurinder Heer"
  },
  {
    "name": "1025883 Alberta Ltd O/A ET Consulting",
    "permitNumber": "P8064",
    "permitToPractice": "Engineering",
    "address": "739 WILLAMETTE DR SE",
    "phoneNumber": "1 403 271-5312",
    "licenseDate": "2003-01-21",
    "city": "Calgary",
    "postalCode": "T2J 2A3",
    "province": "AB",
    "member": "Edward Tahmazian"
  },
  {
    "name": "1038473 Alberta Ltd",
    "permitNumber": "P11105",
    "permitToPractice": "Engineering",
    "address": "118 GLENEAGLES ESTATES LANE",
    "phoneNumber": "1 403 852-2994",
    "licenseDate": "2010-09-09",
    "city": "Cochrane",
    "postalCode": "T4C 2H7",
    "province": "AB",
    "member": "Mark Smigelski"
  },
  {
    "name": "1089079 Alberta Inc",
    "permitNumber": "P8430",
    "permitToPractice": "Engineering",
    "address": "80 HAWKHILL RD NW",
    "phoneNumber": "1 403 239-7193",
    "licenseDate": "2004-02-26",
    "city": "Calgary",
    "postalCode": "T3G 3H8",
    "province": "AB",
    "member": "Derek Warltier"
  },
  {
    "name": "1104175 Alberta Limited",
    "permitNumber": "P8871",
    "permitToPractice": "Engineering",
    "address": "PO Box 531",
    "phoneNumber": "1 780 448-2051",
    "licenseDate": "2005-08-01",
    "city": "Edmonton",
    "postalCode": "T5T 5L4",
    "province": "AB",
    "member": "Emad El-Zein"
  },
  {
    "name": "1104229 BC Ltd.",
    "permitNumber": "P15683",
    "permitToPractice": "Engineering",
    "address": "977 Wellington Dr",
    "phoneNumber": "1 604 339-6549",
    "licenseDate": "2022-04-07",
    "city": "North Vancouver",
    "postalCode": "V7K 1L1",
    "province": "BC",
    "member": "Soheil Soleimani-Vafa"
  },
  {
    "name": "1109883 Alberta Ltd.",
    "permitNumber": "P10519",
    "permitToPractice": "Engineering",
    "address": "101-18146 105 Ave NW",
    "phoneNumber": "1 780 484-1095",
    "licenseDate": "2009-02-25",
    "city": "Edmonton",
    "postalCode": "T5S 2T4",
    "province": "AB",
    "member": "Erik Jacobsen"
  },
  {
    "name": "1156182 Alberta Ltd",
    "permitNumber": "P10084",
    "permitToPractice": "Engineering",
    "address": "99 SUN HARBOUR CRES SE",
    "phoneNumber": "1 403 830-4942",
    "licenseDate": "2008-02-20",
    "city": "Calgary",
    "postalCode": "T2X 3B3",
    "province": "AB",
    "member": "Chris Valcourt"
  },
  {
    "name": "11811347 Canada Inc.",
    "permitNumber": "P15226",
    "permitToPractice": "Engineering",
    "address": "114-1215 13 St SE",
    "phoneNumber": "1 403 261-9985",
    "licenseDate": "2020-11-24",
    "city": "Calgary",
    "postalCode": "T2G 3J4",
    "province": "AB",
    "member": "Trevor Zaharichuk"
  }
]
[2022-06-09T21:35:46.865] [INFO] logs_machine_undefined - undefined data: 12
[2022-06-09T21:38:46.295] [INFO] logs_machine_undefined - undefined beggin run
[2022-06-09T21:38:49.171] [INFO] logs_machine_undefined - undefined NO HANDLE:https://www.apega.ca/members/permit-holder-directory?page=1
[2022-06-09T21:38:50.448] [INFO] logs_machine_undefined - undefined NO HANDLE:https://www.apega.ca/Frontend-Assembly/Telerik.Sitefinity.Frontend/assets/dist/js/jquery.min.js?package=Talon&v=MTU1MzUzMDE5OQ%3d%3d
[2022-06-09T21:38:50.457] [INFO] logs_machine_undefined - undefined NO HANDLE:https://www.apega.ca/ResourcePackages/Talon/assets/dist/css/main.min.css?package=Talon
[2022-06-09T21:38:50.556] [INFO] logs_machine_undefined - undefined NO HANDLE:https://polyfill.io/v3/polyfill.min.js?features=Array.prototype.find%2Cfetch
[2022-06-09T21:38:50.581] [INFO] logs_machine_undefined - undefined NO HANDLE:https://www.apega.ca/Frontend-Assembly/Telerik.Sitefinity.Frontend/assets/dist/js/all.min.js?package=Talon&v=MTU1MzUzMDE5OQ%3d%3d
[2022-06-09T21:38:50.999] [INFO] logs_machine_undefined - undefined NO HANDLE:https://www.apega.ca/Frontend-Assembly/Telerik.Sitefinity.Frontend.Search/Mvc/Scripts/SearchBox/Search-box.js?package=Talon&v=MTIuMC43MDM3LjA%3d
[2022-06-09T21:38:51.147] [INFO] logs_machine_undefined - undefined NO HANDLE:https://www.apega.ca/ResourcePackages/Talon/assets/dist/js/serviceview-base.min.js
[2022-06-09T21:38:51.199] [INFO] logs_machine_undefined - undefined NO HANDLE:https://www.apega.ca/ResourcePackages/Talon/assets/dist/js/permitholders-serviceview.min.js
[2022-06-09T21:38:51.457] [INFO] logs_machine_undefined - undefined NO HANDLE:https://static.cloudflareinsights.com/beacon.min.js/v652eace1692a40cfa3763df669d7439c1639079717194
[2022-06-09T21:38:51.562] [INFO] logs_machine_undefined - undefined NO HANDLE:https://www.googletagmanager.com/gtm.js?id=GTM-WKMT44G
[2022-06-09T21:38:51.911] [INFO] logs_machine_undefined - undefined NO HANDLE:https://www.apega.ca/ResourcePackages/Talon/assets/dist/images/symbol-defs.svg
[2022-06-09T21:38:52.070] [INFO] logs_machine_undefined - undefined NO HANDLE:https://ods.apega.ca/odata/v1/Register/Taxonomies?$orderby=Title
[2022-06-09T21:38:52.343] [INFO] logs_machine_undefined - undefined NO HANDLE:https://www.googletagmanager.com/gtag/js?id=G-3SW3B8RMR8&l=dataLayer&cx=c
[2022-06-09T21:38:52.345] [INFO] logs_machine_undefined - undefined NO HANDLE:https://www.google-analytics.com/analytics.js
[2022-06-09T21:38:52.351] [INFO] logs_machine_undefined - undefined NO HANDLE:https://www.youtube.com/iframe_api
[2022-06-09T21:38:52.353] [INFO] logs_machine_undefined - undefined NO HANDLE:https://connect.facebook.net/en_US/fbevents.js
[2022-06-09T21:38:52.356] [INFO] logs_machine_undefined - undefined NO HANDLE:https://static.ads-twitter.com/uwt.js
[2022-06-09T21:38:52.359] [INFO] logs_machine_undefined - undefined NO HANDLE:https://tags.srv.stackadapt.com/events.js
[2022-06-09T21:38:52.806] [INFO] logs_machine_undefined - undefined NO HANDLE:https://www.google-analytics.com/plugins/ua/linkid.js
[2022-06-09T21:38:52.940] [INFO] logs_machine_undefined - undefined NO HANDLE:https://www.google-analytics.com/g/collect?v=2&tid=G-3SW3B8RMR8&gtm=2oe680&_p=1467680381&_z=ccd.tdB&cid=1607555266.1654825133&ul=en-us&sr=1280x720&_s=1&sid=1654825132&sct=1&seg=0&dl=https%3A%2F%2Fwww.apega.ca%2Fmembers%2Fpermit-holder-directory%3Fpage%3D1&dt=Permit%20Holder%20Directory%20%7C%20APEGA&en=page_view&_fv=1&_ss=1
[2022-06-09T21:38:52.960] [INFO] logs_machine_undefined - undefined NO HANDLE:https://www.youtube.com/s/player/23010b46/www-widgetapi.vflset/www-widgetapi.js
[2022-06-09T21:38:53.025] [INFO] logs_machine_undefined - undefined NO HANDLE:https://connect.facebook.net/signals/config/980776025421829?v=2.9.62&r=stable
[2022-06-09T21:38:53.059] [INFO] logs_machine_undefined - undefined NO HANDLE:https://stats.g.doubleclick.net/j/collect?t=dc&aip=1&_r=3&v=1&_v=j96&tid=UA-72779499-11&cid=1607555266.1654825133&jid=151022374&gjid=520172978&_gid=911108643.1654825133&_u=aGBAiEAjBAAAAE~&z=469325340
[2022-06-09T21:38:53.276] [INFO] logs_machine_undefined - undefined NO HANDLE:https://ods.apega.ca/odata/v1/Register/PermitHolders?$count=true&$top=12&$expand=ResponsibleMembers&$orderby=LegalName
[2022-06-09T21:38:53.382] [INFO] logs_machine_undefined - undefined NO HANDLE:https://tags.srv.stackadapt.com/sa.css
[2022-06-09T21:38:53.385] [INFO] logs_machine_undefined - undefined NO HANDLE:https://tags.srv.stackadapt.com/sa.jpeg
[2022-06-09T21:38:53.773] [INFO] logs_machine_undefined - undefined NO HANDLE:https://www.apega.ca/cdn-cgi/rum?
[2022-06-09T21:38:53.786] [INFO] logs_machine_undefined - undefined NO HANDLE:https://www.apega.ca/favicon.ico
[2022-06-09T21:38:54.749] [INFO] logs_machine_undefined - undefined PAGE 1
[2022-06-09T21:38:54.784] [INFO] logs_machine_undefined - undefined Extracting data from page 1
[2022-06-09T21:39:53.284] [INFO] logs_machine_undefined - undefined showing data extracted 

[2022-06-09T21:40:32.435] [INFO] logs_machine_undefined - undefined beggin run
[2022-06-09T21:40:35.082] [INFO] logs_machine_undefined - undefined NO HANDLE:https://www.apega.ca/members/permit-holder-directory?page=1
[2022-06-09T21:40:36.258] [INFO] logs_machine_undefined - undefined NO HANDLE:https://www.apega.ca/Frontend-Assembly/Telerik.Sitefinity.Frontend/assets/dist/js/jquery.min.js?package=Talon&v=MTU1MzUzMDE5OQ%3d%3d
[2022-06-09T21:40:36.262] [INFO] logs_machine_undefined - undefined NO HANDLE:https://www.apega.ca/ResourcePackages/Talon/assets/dist/css/main.min.css?package=Talon
[2022-06-09T21:40:36.348] [INFO] logs_machine_undefined - undefined NO HANDLE:https://polyfill.io/v3/polyfill.min.js?features=Array.prototype.find%2Cfetch
[2022-06-09T21:40:36.629] [INFO] logs_machine_undefined - undefined NO HANDLE:https://static.cloudflareinsights.com/beacon.min.js/v652eace1692a40cfa3763df669d7439c1639079717194
[2022-06-09T21:40:36.643] [INFO] logs_machine_undefined - undefined NO HANDLE:https://www.apega.ca/Frontend-Assembly/Telerik.Sitefinity.Frontend/assets/dist/js/all.min.js?package=Talon&v=MTU1MzUzMDE5OQ%3d%3d
[2022-06-09T21:40:36.662] [INFO] logs_machine_undefined - undefined NO HANDLE:https://www.apega.ca/Frontend-Assembly/Telerik.Sitefinity.Frontend.Search/Mvc/Scripts/SearchBox/Search-box.js?package=Talon&v=MTIuMC43MDM3LjA%3d
[2022-06-09T21:40:36.671] [INFO] logs_machine_undefined - undefined NO HANDLE:https://www.apega.ca/ResourcePackages/Talon/assets/dist/js/serviceview-base.min.js
[2022-06-09T21:40:36.681] [INFO] logs_machine_undefined - undefined NO HANDLE:https://www.apega.ca/ResourcePackages/Talon/assets/dist/js/permitholders-serviceview.min.js
[2022-06-09T21:40:36.692] [INFO] logs_machine_undefined - undefined NO HANDLE:https://www.googletagmanager.com/gtm.js?id=GTM-WKMT44G
[2022-06-09T21:40:37.375] [INFO] logs_machine_undefined - undefined NO HANDLE:https://www.apega.ca/ResourcePackages/Talon/assets/dist/images/symbol-defs.svg
[2022-06-09T21:40:37.468] [INFO] logs_machine_undefined - undefined NO HANDLE:https://ods.apega.ca/odata/v1/Register/Taxonomies?$orderby=Title
[2022-06-09T21:40:37.654] [INFO] logs_machine_undefined - undefined NO HANDLE:https://www.googletagmanager.com/gtag/js?id=G-3SW3B8RMR8&l=dataLayer&cx=c
[2022-06-09T21:40:37.656] [INFO] logs_machine_undefined - undefined NO HANDLE:https://www.google-analytics.com/analytics.js
[2022-06-09T21:40:37.659] [INFO] logs_machine_undefined - undefined NO HANDLE:https://www.youtube.com/iframe_api
[2022-06-09T21:40:37.668] [INFO] logs_machine_undefined - undefined NO HANDLE:https://connect.facebook.net/en_US/fbevents.js
[2022-06-09T21:40:37.672] [INFO] logs_machine_undefined - undefined NO HANDLE:https://static.ads-twitter.com/uwt.js
[2022-06-09T21:40:37.675] [INFO] logs_machine_undefined - undefined NO HANDLE:https://tags.srv.stackadapt.com/events.js
[2022-06-09T21:40:37.694] [INFO] logs_machine_undefined - undefined NO HANDLE:https://www.apega.ca/cdn-cgi/rum?
[2022-06-09T21:40:37.710] [INFO] logs_machine_undefined - undefined NO HANDLE:https://www.apega.ca/favicon.ico
[2022-06-09T21:40:38.229] [INFO] logs_machine_undefined - undefined NO HANDLE:https://www.google-analytics.com/g/collect?v=2&tid=G-3SW3B8RMR8&gtm=2oe680&_p=1153802628&_z=ccd.vdB&cid=1866099586.1654825238&ul=en-us&sr=1280x720&_s=1&sid=1654825238&sct=1&seg=0&dl=https%3A%2F%2Fwww.apega.ca%2Fmembers%2Fpermit-holder-directory%3Fpage%3D1&dt=Permit%20Holder%20Directory%20%7C%20APEGA&en=page_view&_fv=1&_nsi=1&_ss=1
[2022-06-09T21:40:38.319] [INFO] logs_machine_undefined - undefined NO HANDLE:https://connect.facebook.net/signals/config/980776025421829?v=2.9.62&r=stable
[2022-06-09T21:40:38.408] [INFO] logs_machine_undefined - undefined NO HANDLE:https://www.google-analytics.com/plugins/ua/linkid.js
[2022-06-09T21:40:38.422] [INFO] logs_machine_undefined - undefined NO HANDLE:https://www.youtube.com/s/player/23010b46/www-widgetapi.vflset/www-widgetapi.js
[2022-06-09T21:40:38.525] [INFO] logs_machine_undefined - undefined NO HANDLE:https://stats.g.doubleclick.net/j/collect?t=dc&aip=1&_r=3&v=1&_v=j96&tid=UA-72779499-11&cid=1866099586.1654825238&jid=773252220&gjid=1306055870&_gid=922637338.1654825238&_u=aCDAiEAjBAAAAE~&z=627065741
[2022-06-09T21:40:38.579] [INFO] logs_machine_undefined - undefined NO HANDLE:https://ods.apega.ca/odata/v1/Register/PermitHolders?$count=true&$top=12&$expand=ResponsibleMembers&$orderby=LegalName
[2022-06-09T21:40:38.951] [INFO] logs_machine_undefined - undefined NO HANDLE:https://tags.srv.stackadapt.com/sa.css
[2022-06-09T21:40:38.966] [INFO] logs_machine_undefined - undefined NO HANDLE:https://tags.srv.stackadapt.com/sa.jpeg
[2022-06-09T21:40:40.483] [INFO] logs_machine_undefined - undefined PAGE 1
[2022-06-09T21:40:40.515] [INFO] logs_machine_undefined - undefined Extracting data from page 1
[2022-06-09T21:41:10.845] [INFO] logs_machine_undefined - undefined showing data extracted 

[2022-06-09T21:41:11.869] [INFO] logs_machine_undefined - undefined data [
  {
    "name": "0906670 BC Ltd. O/A Rocky Point Engineering",
    "permitNumber": "P13332",
    "permitToPractice": "Engineering",
    "address": "208-20171 92A AVE",
    "phoneNumber": "1 604 888-7779",
    "licenseDate": "2016-01-04",
    "city": "Langley",
    "postalCode": "V1M 3A5",
    "province": "BC",
    "member": "Richard Corra"
  },
  {
    "name": "1001874 Alberta Ltd.",
    "permitNumber": "P12787",
    "permitToPractice": "Engineering",
    "address": "479 OZERNA RD NW",
    "phoneNumber": "1 780 916-1745",
    "licenseDate": "2014-07-24",
    "city": "Edmonton",
    "postalCode": "T5Z 3P8",
    "province": "AB",
    "member": "Gordon Vetro"
  },
  {
    "name": "1009060 Alberta Ltd O/A Geodetic Surveys & Engineering Ltd",
    "permitNumber": "P7998",
    "permitToPractice": "Engineering",
    "address": "9538 87 ST NW",
    "phoneNumber": "1 780 465-3389",
    "licenseDate": "2002-11-01",
    "city": "Edmonton",
    "postalCode": "T6C 3J1",
    "province": "AB",
    "member": "Andrew Banack"
  },
  {
    "name": "1019740 Alberta Limited",
    "permitNumber": "P14325",
    "permitToPractice": "Engineering",
    "address": "731 57 St SW",
    "phoneNumber": "1 403 978-0910",
    "licenseDate": "2018-04-18",
    "city": "Edmonton",
    "postalCode": "Whithout Postal Code",
    "province": "AB",
    "member": "Gurinder Heer"
  },
  {
    "name": "1025883 Alberta Ltd O/A ET Consulting",
    "permitNumber": "P8064",
    "permitToPractice": "Engineering",
    "address": "739 WILLAMETTE DR SE",
    "phoneNumber": "1 403 271-5312",
    "licenseDate": "2003-01-21",
    "city": "Calgary",
    "postalCode": "T2J 2A3",
    "province": "AB",
    "member": "Edward Tahmazian"
  },
  {
    "name": "1038473 Alberta Ltd",
    "permitNumber": "P11105",
    "permitToPractice": "Engineering",
    "address": "118 GLENEAGLES ESTATES LANE",
    "phoneNumber": "1 403 852-2994",
    "licenseDate": "2010-09-09",
    "city": "Cochrane",
    "postalCode": "T4C 2H7",
    "province": "AB",
    "member": "Mark Smigelski"
  },
  {
    "name": "1089079 Alberta Inc",
    "permitNumber": "P8430",
    "permitToPractice": "Engineering",
    "address": "80 HAWKHILL RD NW",
    "phoneNumber": "1 403 239-7193",
    "licenseDate": "2004-02-26",
    "city": "Calgary",
    "postalCode": "T3G 3H8",
    "province": "AB",
    "member": "Derek Warltier"
  },
  {
    "name": "1104175 Alberta Limited",
    "permitNumber": "P8871",
    "permitToPractice": "Engineering",
    "address": "PO Box 531",
    "phoneNumber": "1 780 448-2051",
    "licenseDate": "2005-08-01",
    "city": "Edmonton",
    "postalCode": "T5T 5L4",
    "province": "AB",
    "member": "Emad El-Zein"
  },
  {
    "name": "1104229 BC Ltd.",
    "permitNumber": "P15683",
    "permitToPractice": "Engineering",
    "address": "977 Wellington Dr",
    "phoneNumber": "1 604 339-6549",
    "licenseDate": "2022-04-07",
    "city": "North Vancouver",
    "postalCode": "V7K 1L1",
    "province": "BC",
    "member": "Soheil Soleimani-Vafa"
  },
  {
    "name": "1109883 Alberta Ltd.",
    "permitNumber": "P10519",
    "permitToPractice": "Engineering",
    "address": "101-18146 105 Ave NW",
    "phoneNumber": "1 780 484-1095",
    "licenseDate": "2009-02-25",
    "city": "Edmonton",
    "postalCode": "T5S 2T4",
    "province": "AB",
    "member": "Erik Jacobsen"
  },
  {
    "name": "1156182 Alberta Ltd",
    "permitNumber": "P10084",
    "permitToPractice": "Engineering",
    "address": "99 SUN HARBOUR CRES SE",
    "phoneNumber": "1 403 830-4942",
    "licenseDate": "2008-02-20",
    "city": "Calgary",
    "postalCode": "T2X 3B3",
    "province": "AB",
    "member": "Chris Valcourt"
  },
  {
    "name": "11811347 Canada Inc.",
    "permitNumber": "P15226",
    "permitToPractice": "Engineering",
    "address": "114-1215 13 St SE",
    "phoneNumber": "1 403 261-9985",
    "licenseDate": "2020-11-24",
    "city": "Calgary",
    "postalCode": "T2G 3J4",
    "province": "AB",
    "member": "Trevor Zaharichuk"
  }
]
[2022-06-09T21:41:11.879] [INFO] logs_machine_undefined - undefined data: 12
[2022-06-09T21:41:14.553] [INFO] logs_machine_undefined - undefined INSIDE SAVEDATA
[2022-06-09T21:41:14.632] [INFO] logs_machine_undefined - undefined Successfully connected to MongoDB
[2022-06-09T21:41:15.186] [INFO] logs_machine_undefined - undefined usuario ya existente MongoServerError: E11000 duplicate key error collection: Apega.apegadatos index: name_1 dup key: { name: "0906670 BC Ltd. O/A Rocky Point Engineering" }
[2022-06-09T21:41:15.673] [INFO] logs_machine_undefined - undefined usuario ya existente MongoServerError: E11000 duplicate key error collection: Apega.apegadatos index: name_1 dup key: { name: "1001874 Alberta Ltd." }
[2022-06-09T21:41:16.188] [INFO] logs_machine_undefined - undefined usuario ya existente MongoServerError: E11000 duplicate key error collection: Apega.apegadatos index: name_1 dup key: { name: "1009060 Alberta Ltd O/A Geodetic Surveys & Engineering Ltd" }
